-------------------------------------------------------------------------------
Test set: MobileCloudComputing.AppTest
-------------------------------------------------------------------------------
Tests run: 1, Failures: 1, Errors: 0, Skipped: 0, Time elapsed: 26.119 sec <<< FAILURE!
QRCodeTest(MobileCloudComputing.AppTest)  Time elapsed: 11.677 sec  <<< FAILURE!
java.lang.AssertionError: null
	at org.testng.Assert.fail(Assert.java:94)
	at MobileCloudComputing.AppTest.QRCodeTest(AppTest.java:89)

